zxing-orient/build/intermediates/manifest_merge_blame_file/debug/manifest-merger-blame-debug-report.txt
1<?xml version="1.0" encoding="utf-8"?>
2<!--
3 Copyright (C) 2008 ZXing authors
4
5 Licensed under the Apache License, Version 2.0 (the "License");
6 you may not use this file except in compliance with the License.
7 You may obtain a copy of the License at
8
9      http://www.apache.org/licenses/LICENSE-2.0
10
11 Unless required by applicable law or agreed to in writing, software
12 distributed under the License is distributed on an "AS IS" BASIS,
13 WITHOUT WARRANTIES OR CONDITIONS OF ANY KIND, either express or implied.
14 See the License for the specific language governing permissions and
15 limitations under the License.
16-->
17<manifest xmlns:android="http://schemas.android.com/apk/res/android"
18    package="com.google.zxing.client.android"
19    android:installLocation="auto"
20    android:versionCode="100"
21    android:versionName="4.7.0" >
22
23    <uses-sdk
24        android:minSdkVersion="17"
24-->src/main/AndroidManifest.xml
25        android:targetSdkVersion="30" />
25-->src/main/AndroidManifest.xml
26
27    <uses-permission android:name="android.permission.CAMERA" />
27-->src/main/AndroidManifest.xml:22:5-65
27-->src/main/AndroidManifest.xml:22:22-62
28    <uses-permission android:name="android.permission.VIBRATE" />
28-->src/main/AndroidManifest.xml:23:5-66
28-->src/main/AndroidManifest.xml:23:22-63
29    <uses-permission android:name="android.permission.FLASHLIGHT" />
29-->src/main/AndroidManifest.xml:24:5-69
29-->src/main/AndroidManifest.xml:24:22-66
30
31    <!-- Don't require camera, as this requires a rear camera. This allows it to work on the Nexus 7 -->
32    <uses-feature
32-->src/main/AndroidManifest.xml:27:5-29:36
33        android:name="android.hardware.camera"
33-->src/main/AndroidManifest.xml:28:9-47
34        android:required="false" />
34-->src/main/AndroidManifest.xml:29:9-33
35    <uses-feature
35-->src/main/AndroidManifest.xml:30:5-32:36
36        android:name="android.hardware.camera.front"
36-->src/main/AndroidManifest.xml:31:9-53
37        android:required="false" />
37-->src/main/AndroidManifest.xml:32:9-33
38    <!-- TODO replace above two with next line after Android 4.2 -->
39    <!-- <uses-feature android:name="android.hardware.camera.any"/> -->
40    <uses-feature
40-->src/main/AndroidManifest.xml:35:5-37:36
41        android:name="android.hardware.camera.autofocus"
41-->src/main/AndroidManifest.xml:36:9-57
42        android:required="false" />
42-->src/main/AndroidManifest.xml:37:9-33
43    <uses-feature
43-->src/main/AndroidManifest.xml:38:5-40:36
44        android:name="android.hardware.camera.flash"
44-->src/main/AndroidManifest.xml:39:9-53
45        android:required="false" />
45-->src/main/AndroidManifest.xml:40:9-33
46    <!-- This excludes Google TV, which is unfortunately included by virtue of not requiring a camera -->
47    <uses-feature android:name="android.hardware.touchscreen" />
47-->src/main/AndroidManifest.xml:42:5-65
47-->src/main/AndroidManifest.xml:42:19-62
48    <!-- TODO make this not required again after android.hardware.camera.any is available -->
49
50    <supports-screens
50-->src/main/AndroidManifest.xml:45:5-50:40
51        android:anyDensity="true"
51-->src/main/AndroidManifest.xml:46:9-34
52        android:largeScreens="true"
52-->src/main/AndroidManifest.xml:47:9-36
53        android:normalScreens="true"
53-->src/main/AndroidManifest.xml:48:9-37
54        android:smallScreens="true"
54-->src/main/AndroidManifest.xml:49:9-36
55        android:xlargeScreens="true" />
55-->src/main/AndroidManifest.xml:50:9-37
56
57    <application
57-->src/main/AndroidManifest.xml:52:5-162:19
58        android:allowBackup="true"
58-->src/main/AndroidManifest.xml:53:9-35
59        android:label="@string/app_name" >
59-->src/main/AndroidManifest.xml:54:9-41
60        <activity
60-->src/main/AndroidManifest.xml:55:9-130:20
61            android:name="com.google.zxing.client.android.CaptureActivity"
61-->src/main/AndroidManifest.xml:56:13-44
62            android:clearTaskOnLaunch="true"
62-->src/main/AndroidManifest.xml:57:13-45
63            android:configChanges="keyboardHidden"
63-->src/main/AndroidManifest.xml:60:13-51
64            android:stateNotNeeded="true"
64-->src/main/AndroidManifest.xml:58:13-42
65            android:theme="@style/CaptureTheme"
65-->src/main/AndroidManifest.xml:59:13-48
66            android:windowSoftInputMode="stateAlwaysHidden" >
66-->src/main/AndroidManifest.xml:61:13-60
67            <intent-filter>
67-->src/main/AndroidManifest.xml:62:13-66:29
68                <action android:name="me.sudar.zxing.SCAN" />
68-->src/main/AndroidManifest.xml:63:17-62
68-->src/main/AndroidManifest.xml:63:25-59
69
70                <category android:name="android.intent.category.DEFAULT" />
70-->src/main/AndroidManifest.xml:65:17-76
70-->src/main/AndroidManifest.xml:65:27-73
71            </intent-filter>
72            <intent-filter>
72-->src/main/AndroidManifest.xml:67:13-71:29
73                <action android:name="com.google.zxing.client.android.SCAN" />
73-->src/main/AndroidManifest.xml:68:17-79
73-->src/main/AndroidManifest.xml:68:25-76
74
75                <category android:name="android.intent.category.DEFAULT" />
75-->src/main/AndroidManifest.xml:65:17-76
75-->src/main/AndroidManifest.xml:65:27-73
76            </intent-filter>
77            <!-- Allow web apps to launch Barcode Scanner by linking to http://www.sudar.me/projects/zxing-orient/scan. -->
78            <intent-filter>
78-->src/main/AndroidManifest.xml:73:13-81:29
79                <action android:name="android.intent.action.VIEW" />
79-->src/main/AndroidManifest.xml:74:17-69
79-->src/main/AndroidManifest.xml:74:25-66
80
81                <category android:name="android.intent.category.DEFAULT" />
81-->src/main/AndroidManifest.xml:65:17-76
81-->src/main/AndroidManifest.xml:65:27-73
82                <category android:name="android.intent.category.BROWSABLE" />
82-->src/main/AndroidManifest.xml:76:17-78
82-->src/main/AndroidManifest.xml:76:27-75
83
84                <data
84-->src/main/AndroidManifest.xml:77:17-80:45
85                    android:host="www.sudar.me"
85-->src/main/AndroidManifest.xml:78:21-48
86                    android:path="/projects/zxing-orient/scan"
86-->src/main/AndroidManifest.xml:79:21-63
87                    android:scheme="http" />
87-->src/main/AndroidManifest.xml:80:21-42
88            </intent-filter>
89            <!-- Allow web apps to launch Barcode Scanner by linking to http://zxing.appspot.com/scan. -->
90            <intent-filter>
90-->src/main/AndroidManifest.xml:83:13-93:29
91                <action android:name="android.intent.action.VIEW" />
91-->src/main/AndroidManifest.xml:74:17-69
91-->src/main/AndroidManifest.xml:74:25-66
92
93                <category android:name="android.intent.category.DEFAULT" />
93-->src/main/AndroidManifest.xml:65:17-76
93-->src/main/AndroidManifest.xml:65:27-73
94                <category android:name="android.intent.category.BROWSABLE" />
94-->src/main/AndroidManifest.xml:76:17-78
94-->src/main/AndroidManifest.xml:76:27-75
95
96                <data
96-->src/main/AndroidManifest.xml:77:17-80:45
97                    android:host="zxing.appspot.com"
97-->src/main/AndroidManifest.xml:78:21-48
98                    android:path="/scan"
98-->src/main/AndroidManifest.xml:79:21-63
99                    android:scheme="http" />
99-->src/main/AndroidManifest.xml:80:21-42
100            </intent-filter>
101            <!-- We also support a Google Product Search URL. -->
102            <intent-filter>
102-->src/main/AndroidManifest.xml:95:13-105:29
103                <action android:name="android.intent.action.VIEW" />
103-->src/main/AndroidManifest.xml:74:17-69
103-->src/main/AndroidManifest.xml:74:25-66
104
105                <category android:name="android.intent.category.DEFAULT" />
105-->src/main/AndroidManifest.xml:65:17-76
105-->src/main/AndroidManifest.xml:65:27-73
106                <category android:name="android.intent.category.BROWSABLE" />
106-->src/main/AndroidManifest.xml:76:17-78
106-->src/main/AndroidManifest.xml:76:27-75
107
108                <data
108-->src/main/AndroidManifest.xml:77:17-80:45
109                    android:host="www.google.com"
109-->src/main/AndroidManifest.xml:78:21-48
110                    android:path="/m/products/scan"
110-->src/main/AndroidManifest.xml:79:21-63
111                    android:scheme="http" />
111-->src/main/AndroidManifest.xml:80:21-42
112            </intent-filter>
113            <!-- And the UK version. -->
114            <intent-filter>
114-->src/main/AndroidManifest.xml:107:13-117:29
115                <action android:name="android.intent.action.VIEW" />
115-->src/main/AndroidManifest.xml:74:17-69
115-->src/main/AndroidManifest.xml:74:25-66
116
117                <category android:name="android.intent.category.DEFAULT" />
117-->src/main/AndroidManifest.xml:65:17-76
117-->src/main/AndroidManifest.xml:65:27-73
118                <category android:name="android.intent.category.BROWSABLE" />
118-->src/main/AndroidManifest.xml:76:17-78
118-->src/main/AndroidManifest.xml:76:27-75
119
120                <data
120-->src/main/AndroidManifest.xml:77:17-80:45
121                    android:host="www.google.co.uk"
121-->src/main/AndroidManifest.xml:78:21-48
122                    android:path="/m/products/scan"
122-->src/main/AndroidManifest.xml:79:21-63
123                    android:scheme="http" />
123-->src/main/AndroidManifest.xml:80:21-42
124            </intent-filter>
125            <!-- Support zxing://scan/?... like iPhone app -->
126            <intent-filter>
126-->src/main/AndroidManifest.xml:119:13-129:29
127                <action android:name="android.intent.action.VIEW" />
127-->src/main/AndroidManifest.xml:74:17-69
127-->src/main/AndroidManifest.xml:74:25-66
128
129                <category android:name="android.intent.category.DEFAULT" />
129-->src/main/AndroidManifest.xml:65:17-76
129-->src/main/AndroidManifest.xml:65:27-73
130                <category android:name="android.intent.category.BROWSABLE" />
130-->src/main/AndroidManifest.xml:76:17-78
130-->src/main/AndroidManifest.xml:76:27-75
131
132                <data
132-->src/main/AndroidManifest.xml:77:17-80:45
133                    android:host="scan"
133-->src/main/AndroidManifest.xml:78:21-48
134                    android:path="/"
134-->src/main/AndroidManifest.xml:79:21-63
135                    android:scheme="zxing" />
135-->src/main/AndroidManifest.xml:80:21-42
136            </intent-filter>
137        </activity>
138        <activity
138-->src/main/AndroidManifest.xml:132:9-161:20
139            android:name="com.google.zxing.client.android.encode.EncodeActivity"
139-->src/main/AndroidManifest.xml:133:13-50
140            android:stateNotNeeded="true" >
140-->src/main/AndroidManifest.xml:134:13-42
141            <intent-filter>
141-->src/main/AndroidManifest.xml:135:13-139:29
142                <action android:name="com.google.zxing.client.android.ENCODE" />
142-->src/main/AndroidManifest.xml:136:17-81
142-->src/main/AndroidManifest.xml:136:25-78
143
144                <category android:name="android.intent.category.DEFAULT" />
144-->src/main/AndroidManifest.xml:65:17-76
144-->src/main/AndroidManifest.xml:65:27-73
145            </intent-filter>
146            <intent-filter>
146-->src/main/AndroidManifest.xml:140:13-144:29
147                <action android:name="me.sudar.zxing.ENCODE" />
147-->src/main/AndroidManifest.xml:141:17-64
147-->src/main/AndroidManifest.xml:141:25-61
148
149                <category android:name="android.intent.category.DEFAULT" />
149-->src/main/AndroidManifest.xml:65:17-76
149-->src/main/AndroidManifest.xml:65:27-73
150            </intent-filter>
151            <!-- This allows us to handle the Share button in Contacts. -->
152            <intent-filter>
152-->src/main/AndroidManifest.xml:146:13-152:29
153                <action android:name="android.intent.action.SEND" />
153-->src/main/AndroidManifest.xml:147:17-69
153-->src/main/AndroidManifest.xml:147:25-66
154
155                <category android:name="android.intent.category.DEFAULT" />
155-->src/main/AndroidManifest.xml:65:17-76
155-->src/main/AndroidManifest.xml:65:27-73
156
157                <data android:mimeType="text/x-vcard" />
157-->src/main/AndroidManifest.xml:77:17-80:45
157-->src/main/AndroidManifest.xml:151:23-54
158            </intent-filter>
159            <!-- This allows us to handle sharing any plain text . -->
160            <intent-filter>
160-->src/main/AndroidManifest.xml:154:13-160:29
161                <action android:name="android.intent.action.SEND" />
161-->src/main/AndroidManifest.xml:147:17-69
161-->src/main/AndroidManifest.xml:147:25-66
162
163                <category android:name="android.intent.category.DEFAULT" />
163-->src/main/AndroidManifest.xml:65:17-76
163-->src/main/AndroidManifest.xml:65:27-73
164
165                <data android:mimeType="text/plain" />
165-->src/main/AndroidManifest.xml:77:17-80:45
165-->src/main/AndroidManifest.xml:151:23-54
166            </intent-filter>
167        </activity>
168    </application>
169
170</manifest>